Using pre-set license
Built from '2020.3/release' branch; Version is '2020.3.2f1 (8fd9074bf66c) revision 9427207'; Using compiler version '192528614'; Build Type 'Release'
OS: 'Windows 10 Pro; OS build 19041.1237; Version 2004; 64bit' Language: 'en' Physical Memory: 32578 MB
BatchMode: 1, IsHumanControllingUs: 0, StartBugReporterOnCrash: 0, Is64bit: 1, IsPro: 0

 COMMAND LINE ARGUMENTS:
D:\2020.3.2f1\Editor\Unity.exe
-adb2
-batchMode
-noUpm
-name
AssetImportWorker0
-projectPath
F:/Delrose Finding A Home
-logFile
Logs/AssetImportWorker0.log
-srvPort
50342
Successfully changed project path to: F:/Delrose Finding A Home
F:/Delrose Finding A Home
Using Asset Import Pipeline V2.
Refreshing native plugins compatible for Editor in 148.90 ms, found 0 plugins.
Preloading 0 native plugins for Editor in 0.00 ms.
Initialize engine version: 2020.3.2f1 (8fd9074bf66c)
[Subsystems] Discovering subsystems at path D:/2020.3.2f1/Editor/Data/Resources/UnitySubsystems
[Subsystems] Discovering subsystems at path F:/Delrose Finding A Home/Assets
GfxDevice: creating device client; threaded=0
Direct3D:
    Version:  Direct3D 11.0 [level 11.1]
    Renderer: NVIDIA GeForce GTX 1080 (ID=0x1b80)
    Vendor:   
    VRAM:     8079 MB
    Driver:   23.21.13.9125
Initialize mono
Mono path[0] = 'D:/2020.3.2f1/Editor/Data/Managed'
Mono path[1] = 'D:/2020.3.2f1/Editor/Data/MonoBleedingEdge/lib/mono/unityjit'
Mono config path = 'D:/2020.3.2f1/Editor/Data/MonoBleedingEdge/etc'
Using monoOptions --debugger-agent=transport=dt_socket,embedding=1,server=y,suspend=n,address=127.0.0.1:56404
Begin MonoManager ReloadAssembly
Registering precompiled unity dll's ...
Register platform support module: D:/2020.3.2f1/Editor/Data/PlaybackEngines/WebGLSupport/UnityEditor.WebGL.Extensions.dll
Register platform support module: D:/2020.3.2f1/Editor/Data/PlaybackEngines/WindowsStandaloneSupport/UnityEditor.WindowsStandalone.Extensions.dll
Registered in 0.001274 seconds.
Native extension for WindowsStandalone target not found
Native extension for WebGL target not found
Refreshing native plugins compatible for Editor in 40.04 ms, found 0 plugins.
Preloading 0 native plugins for Editor in 0.00 ms.
Invoked RoslynAnalysisRunner static constructor.
RoslynAnalysisRunner will not be running.
RoslynAnalysisRunner has terminated.
Mono: successfully reloaded assembly
- Completed reload, in  1.578 seconds
Platform modules already initialized, skipping
Registering precompiled user dll's ...
Registered in 0.001383 seconds.
Begin MonoManager ReloadAssembly
Native extension for WindowsStandalone target not found
Native extension for WebGL target not found
Refreshing native plugins compatible for Editor in 44.60 ms, found 0 plugins.
Preloading 0 native plugins for Editor in 0.00 ms.
Invoked RoslynAnalysisRunner static constructor.
RoslynAnalysisRunner will not be running.
RoslynAnalysisRunner has terminated.
Mono: successfully reloaded assembly
- Completed reload, in  0.882 seconds
Platform modules already initialized, skipping
========================================================================
Worker process is ready to serve import requests
Shader 'Universal Render Pipeline/Particles/Lit': fallback shader 'Universal Render Pipeline/Particles/SimpleLit' not found
Shader 'Universal Render Pipeline/Particles/Lit': fallback shader 'Universal Render Pipeline/Particles/SimpleLit' not found
Launched and connected shader compiler UnityShaderCompiler.exe after 0.06 seconds
Refreshing native plugins compatible for Editor in 0.51 ms, found 0 plugins.
Preloading 0 native plugins for Editor in 0.00 ms.
Unloading 2426 Unused Serialized files (Serialized files now loaded: 0)
System memory in use before: 114.0 MB.
System memory in use after: 111.3 MB.

Unloading 45 unused Assets to reduce memory usage. Loaded Objects now: 2835.
Total: 4.923700 ms (FindLiveObjects: 0.434200 ms CreateObjectMapping: 0.208500 ms MarkObjects: 2.625300 ms  DeleteObjects: 1.654000 ms)

========================================================================
Received Import Request.
  path: Assets/Scripts/WoodChopping.cs
  artifactKey: Guid(9ea377895ab9989489057c59b6ac5c86) Importer(815301076,1909f56bfc062723c751e8b465ee728b)
Start importing Assets/Scripts/WoodChopping.cs using Guid(9ea377895ab9989489057c59b6ac5c86) Importer(815301076,1909f56bfc062723c751e8b465ee728b)  -> (artifact id: 'd17406a0eb90b0b7f2500b9590ed8dff') in 0.068249 seconds
  Import took 0.075733 seconds .

========================================================================
Received Prepare
Registering precompiled user dll's ...
Registered in 0.001266 seconds.
Begin MonoManager ReloadAssembly
Native extension for WindowsStandalone target not found
Native extension for WebGL target not found
Refreshing native plugins compatible for Editor in 0.35 ms, found 0 plugins.
Preloading 0 native plugins for Editor in 0.00 ms.
Invoked RoslynAnalysisRunner static constructor.
RoslynAnalysisRunner will not be running.
RoslynAnalysisRunner has terminated.
Mono: successfully reloaded assembly
- Completed reload, in  0.751 seconds
Platform modules already initialized, skipping
Shader 'Universal Render Pipeline/Particles/Lit': fallback shader 'Universal Render Pipeline/Particles/SimpleLit' not found
Shader 'Universal Render Pipeline/Particles/Lit': fallback shader 'Universal Render Pipeline/Particles/SimpleLit' not found
Refreshing native plugins compatible for Editor in 0.35 ms, found 0 plugins.
Preloading 0 native plugins for Editor in 0.00 ms.
Unloading 2351 Unused Serialized files (Serialized files now loaded: 0)
System memory in use before: 110.4 MB.
System memory in use after: 107.7 MB.

Unloading 40 unused Assets to reduce memory usage. Loaded Objects now: 2838.
Total: 2.855400 ms (FindLiveObjects: 0.216400 ms CreateObjectMapping: 0.090700 ms MarkObjects: 1.402000 ms  DeleteObjects: 1.144900 ms)

========================================================================
Received Import Request.
  Time since last request: 74.632080 seconds.
  path: Assets/Scripts/WoodChopping.cs
  artifactKey: Guid(9ea377895ab9989489057c59b6ac5c86) Importer(815301076,1909f56bfc062723c751e8b465ee728b)
Start importing Assets/Scripts/WoodChopping.cs using Guid(9ea377895ab9989489057c59b6ac5c86) Importer(815301076,1909f56bfc062723c751e8b465ee728b)  -> (artifact id: '38cff4341d65a978040854b8d900d8d9') in 0.038268 seconds
  Import took 0.045559 seconds .

========================================================================
Received Prepare
Registering precompiled user dll's ...
Registered in 0.001209 seconds.
Begin MonoManager ReloadAssembly
Native extension for WindowsStandalone target not found
Native extension for WebGL target not found
Refreshing native plugins compatible for Editor in 0.35 ms, found 0 plugins.
Preloading 0 native plugins for Editor in 0.00 ms.
Invoked RoslynAnalysisRunner static constructor.
RoslynAnalysisRunner will not be running.
RoslynAnalysisRunner has terminated.
Mono: successfully reloaded assembly
- Completed reload, in  0.711 seconds
Platform modules already initialized, skipping
Shader 'Universal Render Pipeline/Particles/Lit': fallback shader 'Universal Render Pipeline/Particles/SimpleLit' not found
Shader 'Universal Render Pipeline/Particles/Lit': fallback shader 'Universal Render Pipeline/Particles/SimpleLit' not found
Refreshing native plugins compatible for Editor in 0.36 ms, found 0 plugins.
Preloading 0 native plugins for Editor in 0.00 ms.
Unloading 2351 Unused Serialized files (Serialized files now loaded: 0)
System memory in use before: 110.5 MB.
System memory in use after: 107.8 MB.

Unloading 40 unused Assets to reduce memory usage. Loaded Objects now: 2841.
Total: 3.174900 ms (FindLiveObjects: 0.231200 ms CreateObjectMapping: 0.076000 ms MarkObjects: 1.624500 ms  DeleteObjects: 1.241900 ms)

========================================================================
Received Import Request.
  Time since last request: 55.760338 seconds.
  path: Assets/Scripts/WoodChopping.cs
  artifactKey: Guid(9ea377895ab9989489057c59b6ac5c86) Importer(815301076,1909f56bfc062723c751e8b465ee728b)
Start importing Assets/Scripts/WoodChopping.cs using Guid(9ea377895ab9989489057c59b6ac5c86) Importer(815301076,1909f56bfc062723c751e8b465ee728b)  -> (artifact id: '693e507923e4d8d24653a2ccf32eca9f') in 0.012936 seconds
  Import took 0.016083 seconds .

========================================================================
Received Import Request.
  Time since last request: 1.001679 seconds.
  path: Assets/Scripts/WoodChopping.cs
  artifactKey: Guid(9ea377895ab9989489057c59b6ac5c86) Importer(815301076,1909f56bfc062723c751e8b465ee728b)
Start importing Assets/Scripts/WoodChopping.cs using Guid(9ea377895ab9989489057c59b6ac5c86) Importer(815301076,1909f56bfc062723c751e8b465ee728b)  -> (artifact id: '693e507923e4d8d24653a2ccf32eca9f') in 0.010938 seconds
  Import took 0.014019 seconds .

========================================================================
Received Prepare
Registering precompiled user dll's ...
Registered in 0.001250 seconds.
Begin MonoManager ReloadAssembly
Native extension for WindowsStandalone target not found
Native extension for WebGL target not found
Refreshing native plugins compatible for Editor in 0.35 ms, found 0 plugins.
Preloading 0 native plugins for Editor in 0.00 ms.
Invoked RoslynAnalysisRunner static constructor.
RoslynAnalysisRunner will not be running.
RoslynAnalysisRunner has terminated.
Mono: successfully reloaded assembly
- Completed reload, in  0.722 seconds
Platform modules already initialized, skipping
Shader 'Universal Render Pipeline/Particles/Lit': fallback shader 'Universal Render Pipeline/Particles/SimpleLit' not found
Shader 'Universal Render Pipeline/Particles/Lit': fallback shader 'Universal Render Pipeline/Particles/SimpleLit' not found
Refreshing native plugins compatible for Editor in 0.39 ms, found 0 plugins.
Preloading 0 native plugins for Editor in 0.00 ms.
Unloading 2351 Unused Serialized files (Serialized files now loaded: 0)
System memory in use before: 110.6 MB.
System memory in use after: 107.8 MB.

Unloading 40 unused Assets to reduce memory usage. Loaded Objects now: 2844.
Total: 4.254600 ms (FindLiveObjects: 0.225100 ms CreateObjectMapping: 0.106900 ms MarkObjects: 2.419900 ms  DeleteObjects: 1.501400 ms)

========================================================================
Received Prepare
Registering precompiled user dll's ...
Registered in 0.001887 seconds.
Begin MonoManager ReloadAssembly
Native extension for WindowsStandalone target not found
Native extension for WebGL target not found
Refreshing native plugins compatible for Editor in 0.39 ms, found 0 plugins.
Preloading 0 native plugins for Editor in 0.00 ms.
Invoked RoslynAnalysisRunner static constructor.
RoslynAnalysisRunner will not be running.
RoslynAnalysisRunner has terminated.
Mono: successfully reloaded assembly
- Completed reload, in  0.869 seconds
Platform modules already initialized, skipping
Shader 'Universal Render Pipeline/Particles/Lit': fallback shader 'Universal Render Pipeline/Particles/SimpleLit' not found
Shader 'Universal Render Pipeline/Particles/Lit': fallback shader 'Universal Render Pipeline/Particles/SimpleLit' not found
Refreshing native plugins compatible for Editor in 0.36 ms, found 0 plugins.
Preloading 0 native plugins for Editor in 0.00 ms.
Unloading 2351 Unused Serialized files (Serialized files now loaded: 0)
System memory in use before: 110.6 MB.
System memory in use after: 107.8 MB.

Unloading 40 unused Assets to reduce memory usage. Loaded Objects now: 2847.
Total: 3.426500 ms (FindLiveObjects: 0.264500 ms CreateObjectMapping: 0.115800 ms MarkObjects: 1.680700 ms  DeleteObjects: 1.363900 ms)

========================================================================
Received Prepare
Registering precompiled user dll's ...
Registered in 0.001223 seconds.
Begin MonoManager ReloadAssembly
Native extension for WindowsStandalone target not found
Native extension for WebGL target not found
Refreshing native plugins compatible for Editor in 0.42 ms, found 0 plugins.
Preloading 0 native plugins for Editor in 0.00 ms.
Invoked RoslynAnalysisRunner static constructor.
RoslynAnalysisRunner will not be running.
RoslynAnalysisRunner has terminated.
Mono: successfully reloaded assembly
- Completed reload, in  0.801 seconds
Platform modules already initialized, skipping
Shader 'Universal Render Pipeline/Particles/Lit': fallback shader 'Universal Render Pipeline/Particles/SimpleLit' not found
Shader 'Universal Render Pipeline/Particles/Lit': fallback shader 'Universal Render Pipeline/Particles/SimpleLit' not found
Refreshing native plugins compatible for Editor in 0.40 ms, found 0 plugins.
Preloading 0 native plugins for Editor in 0.00 ms.
Unloading 2351 Unused Serialized files (Serialized files now loaded: 0)
System memory in use before: 110.5 MB.
System memory in use after: 107.7 MB.

Unloading 40 unused Assets to reduce memory usage. Loaded Objects now: 2850.
Total: 3.677800 ms (FindLiveObjects: 0.262600 ms CreateObjectMapping: 0.107100 ms MarkObjects: 1.647600 ms  DeleteObjects: 1.659100 ms)

========================================================================
Received Prepare
Registering precompiled user dll's ...
Registered in 0.001190 seconds.
Begin MonoManager ReloadAssembly
Native extension for WindowsStandalone target not found
Native extension for WebGL target not found
Refreshing native plugins compatible for Editor in 0.37 ms, found 0 plugins.
Preloading 0 native plugins for Editor in 0.00 ms.
Invoked RoslynAnalysisRunner static constructor.
RoslynAnalysisRunner will not be running.
RoslynAnalysisRunner has terminated.
Mono: successfully reloaded assembly
- Completed reload, in  0.768 seconds
Platform modules already initialized, skipping
Shader 'Universal Render Pipeline/Particles/Lit': fallback shader 'Universal Render Pipeline/Particles/SimpleLit' not found
Shader 'Universal Render Pipeline/Particles/Lit': fallback shader 'Universal Render Pipeline/Particles/SimpleLit' not found
Refreshing native plugins compatible for Editor in 0.36 ms, found 0 plugins.
Preloading 0 native plugins for Editor in 0.00 ms.
Unloading 2351 Unused Serialized files (Serialized files now loaded: 0)
System memory in use before: 110.5 MB.
System memory in use after: 107.8 MB.

Unloading 40 unused Assets to reduce memory usage. Loaded Objects now: 2853.
Total: 3.311000 ms (FindLiveObjects: 0.228700 ms CreateObjectMapping: 0.108900 ms MarkObjects: 1.532100 ms  DeleteObjects: 1.440400 ms)

========================================================================
Received Import Request.
  Time since last request: 742.003481 seconds.
  path: Assets/Scripts/WoodChopping.cs
  artifactKey: Guid(9ea377895ab9989489057c59b6ac5c86) Importer(815301076,1909f56bfc062723c751e8b465ee728b)
Start importing Assets/Scripts/WoodChopping.cs using Guid(9ea377895ab9989489057c59b6ac5c86) Importer(815301076,1909f56bfc062723c751e8b465ee728b)  -> (artifact id: '6f6b27e1d1b1302ca36f28e76858ad09') in 0.014779 seconds
  Import took 0.333165 seconds .

========================================================================
Received Import Request.
  Time since last request: 39.302636 seconds.
  path: Assets/Scripts/NewBehaviourScript.cs
  artifactKey: Guid(f255a5f8b9a4c5344b897ad655dc8ded) Importer(815301076,1909f56bfc062723c751e8b465ee728b)
Start importing Assets/Scripts/NewBehaviourScript.cs using Guid(f255a5f8b9a4c5344b897ad655dc8ded) Importer(815301076,1909f56bfc062723c751e8b465ee728b)  -> (artifact id: '7902e3a24290d5601d6d7dc7f2ef7447') in 0.015207 seconds
  Import took 0.018408 seconds .

========================================================================
Received Import Request.
  Time since last request: 0.004770 seconds.
  path: Assets/Scripts/NewBehaviourScript.cs
  artifactKey: Guid(f255a5f8b9a4c5344b897ad655dc8ded) Importer(815301076,1909f56bfc062723c751e8b465ee728b)
Start importing Assets/Scripts/NewBehaviourScript.cs using Guid(f255a5f8b9a4c5344b897ad655dc8ded) Importer(815301076,1909f56bfc062723c751e8b465ee728b)  -> (artifact id: '7902e3a24290d5601d6d7dc7f2ef7447') in 0.012197 seconds
  Import took 0.015454 seconds .

========================================================================
Received Prepare
Registering precompiled user dll's ...
Registered in 0.001213 seconds.
Begin MonoManager ReloadAssembly
Native extension for WindowsStandalone target not found
Native extension for WebGL target not found
Refreshing native plugins compatible for Editor in 0.35 ms, found 0 plugins.
Preloading 0 native plugins for Editor in 0.00 ms.
Invoked RoslynAnalysisRunner static constructor.
RoslynAnalysisRunner will not be running.
RoslynAnalysisRunner has terminated.
Mono: successfully reloaded assembly
- Completed reload, in  0.682 seconds
Platform modules already initialized, skipping
Shader 'Universal Render Pipeline/Particles/Lit': fallback shader 'Universal Render Pipeline/Particles/SimpleLit' not found
Shader 'Universal Render Pipeline/Particles/Lit': fallback shader 'Universal Render Pipeline/Particles/SimpleLit' not found
Refreshing native plugins compatible for Editor in 0.35 ms, found 0 plugins.
Preloading 0 native plugins for Editor in 0.00 ms.
Unloading 2352 Unused Serialized files (Serialized files now loaded: 0)
System memory in use before: 110.6 MB.
System memory in use after: 107.9 MB.

Unloading 40 unused Assets to reduce memory usage. Loaded Objects now: 2857.
Total: 3.490300 ms (FindLiveObjects: 0.332600 ms CreateObjectMapping: 0.154900 ms MarkObjects: 1.691700 ms  DeleteObjects: 1.309400 ms)

========================================================================
Received Import Request.
  Time since last request: 13.433602 seconds.
  path: Assets/Scripts/BranchValue.cs
  artifactKey: Guid(f255a5f8b9a4c5344b897ad655dc8ded) Importer(815301076,1909f56bfc062723c751e8b465ee728b)
Start importing Assets/Scripts/BranchValue.cs using Guid(f255a5f8b9a4c5344b897ad655dc8ded) Importer(815301076,1909f56bfc062723c751e8b465ee728b)  -> (artifact id: 'adb4267930d35149d366d74562390b7a') in 0.018638 seconds
  Import took 0.022046 seconds .

========================================================================
Received Prepare
Registering precompiled user dll's ...
Registered in 0.001392 seconds.
Begin MonoManager ReloadAssembly
Native extension for WindowsStandalone target not found
Native extension for WebGL target not found
Refreshing native plugins compatible for Editor in 0.36 ms, found 0 plugins.
Preloading 0 native plugins for Editor in 0.00 ms.
Invoked RoslynAnalysisRunner static constructor.
RoslynAnalysisRunner will not be running.
RoslynAnalysisRunner has terminated.
Mono: successfully reloaded assembly
- Completed reload, in  0.708 seconds
Platform modules already initialized, skipping
Shader 'Universal Render Pipeline/Particles/Lit': fallback shader 'Universal Render Pipeline/Particles/SimpleLit' not found
Shader 'Universal Render Pipeline/Particles/Lit': fallback shader 'Universal Render Pipeline/Particles/SimpleLit' not found
Refreshing native plugins compatible for Editor in 0.36 ms, found 0 plugins.
Preloading 0 native plugins for Editor in 0.00 ms.
Unloading 2352 Unused Serialized files (Serialized files now loaded: 0)
System memory in use before: 110.6 MB.
System memory in use after: 107.9 MB.

Unloading 40 unused Assets to reduce memory usage. Loaded Objects now: 2860.
Total: 3.458700 ms (FindLiveObjects: 0.217300 ms CreateObjectMapping: 0.094100 ms MarkObjects: 1.828000 ms  DeleteObjects: 1.318300 ms)

========================================================================
Received Prepare
Registering precompiled user dll's ...
Registered in 0.001504 seconds.
Begin MonoManager ReloadAssembly
Native extension for WindowsStandalone target not found
Native extension for WebGL target not found
Refreshing native plugins compatible for Editor in 0.35 ms, found 0 plugins.
Preloading 0 native plugins for Editor in 0.00 ms.
Invoked RoslynAnalysisRunner static constructor.
RoslynAnalysisRunner will not be running.
RoslynAnalysisRunner has terminated.
Mono: successfully reloaded assembly
- Completed reload, in  0.680 seconds
Platform modules already initialized, skipping
Shader 'Universal Render Pipeline/Particles/Lit': fallback shader 'Universal Render Pipeline/Particles/SimpleLit' not found
Shader 'Universal Render Pipeline/Particles/Lit': fallback shader 'Universal Render Pipeline/Particles/SimpleLit' not found
Refreshing native plugins compatible for Editor in 0.35 ms, found 0 plugins.
Preloading 0 native plugins for Editor in 0.00 ms.
Unloading 2352 Unused Serialized files (Serialized files now loaded: 0)
System memory in use before: 110.6 MB.
System memory in use after: 107.9 MB.

Unloading 40 unused Assets to reduce memory usage. Loaded Objects now: 2863.
Total: 3.916600 ms (FindLiveObjects: 0.242400 ms CreateObjectMapping: 0.096300 ms MarkObjects: 2.196200 ms  DeleteObjects: 1.380100 ms)

========================================================================
Received Import Request.
  Time since last request: 115.314986 seconds.
  path: Assets/Scripts/BranchValue.cs
  artifactKey: Guid(f255a5f8b9a4c5344b897ad655dc8ded) Importer(815301076,1909f56bfc062723c751e8b465ee728b)
Start importing Assets/Scripts/BranchValue.cs using Guid(f255a5f8b9a4c5344b897ad655dc8ded) Importer(815301076,1909f56bfc062723c751e8b465ee728b)  -> (artifact id: 'b793998cedb6394bb608727c9cc2d91d') in 0.028134 seconds
  Import took 0.031377 seconds .

========================================================================
Received Import Request.
  Time since last request: 0.000291 seconds.
  path: Assets/Scripts/Invintory.cs
  artifactKey: Guid(8cd31688f5317494a901b08a490373a5) Importer(815301076,1909f56bfc062723c751e8b465ee728b)
Start importing Assets/Scripts/Invintory.cs using Guid(8cd31688f5317494a901b08a490373a5) Importer(815301076,1909f56bfc062723c751e8b465ee728b)  -> (artifact id: '2392b6b8f48e172b44007346e23a8fdb') in 0.022520 seconds
  Import took 0.026156 seconds .

========================================================================
Received Prepare
Registering precompiled user dll's ...
Registered in 0.001205 seconds.
Begin MonoManager ReloadAssembly
Native extension for WindowsStandalone target not found
Native extension for WebGL target not found
Refreshing native plugins compatible for Editor in 0.37 ms, found 0 plugins.
Preloading 0 native plugins for Editor in 0.00 ms.
Invoked RoslynAnalysisRunner static constructor.
RoslynAnalysisRunner will not be running.
RoslynAnalysisRunner has terminated.
Mono: successfully reloaded assembly
- Completed reload, in  0.685 seconds
Platform modules already initialized, skipping
Shader 'Universal Render Pipeline/Particles/Lit': fallback shader 'Universal Render Pipeline/Particles/SimpleLit' not found
Shader 'Universal Render Pipeline/Particles/Lit': fallback shader 'Universal Render Pipeline/Particles/SimpleLit' not found
Refreshing native plugins compatible for Editor in 0.36 ms, found 0 plugins.
Preloading 0 native plugins for Editor in 0.00 ms.
Unloading 2352 Unused Serialized files (Serialized files now loaded: 0)
System memory in use before: 110.5 MB.
System memory in use after: 107.8 MB.

Unloading 40 unused Assets to reduce memory usage. Loaded Objects now: 2866.
Total: 4.308200 ms (FindLiveObjects: 0.265600 ms CreateObjectMapping: 0.114700 ms MarkObjects: 2.302500 ms  DeleteObjects: 1.624100 ms)

========================================================================
Received Prepare
Registering precompiled user dll's ...
Registered in 0.001446 seconds.
Begin MonoManager ReloadAssembly
Native extension for WindowsStandalone target not found
Native extension for WebGL target not found
Refreshing native plugins compatible for Editor in 0.36 ms, found 0 plugins.
Preloading 0 native plugins for Editor in 0.00 ms.
Invoked RoslynAnalysisRunner static constructor.
RoslynAnalysisRunner will not be running.
RoslynAnalysisRunner has terminated.
Mono: successfully reloaded assembly
- Completed reload, in  0.694 seconds
Platform modules already initialized, skipping
Shader 'Universal Render Pipeline/Particles/Lit': fallback shader 'Universal Render Pipeline/Particles/SimpleLit' not found
Shader 'Universal Render Pipeline/Particles/Lit': fallback shader 'Universal Render Pipeline/Particles/SimpleLit' not found
Refreshing native plugins compatible for Editor in 0.48 ms, found 0 plugins.
Preloading 0 native plugins for Editor in 0.00 ms.
Unloading 2352 Unused Serialized files (Serialized files now loaded: 0)
System memory in use before: 110.6 MB.
System memory in use after: 107.9 MB.

Unloading 40 unused Assets to reduce memory usage. Loaded Objects now: 2869.
Total: 4.823800 ms (FindLiveObjects: 0.251800 ms CreateObjectMapping: 0.112800 ms MarkObjects: 2.785400 ms  DeleteObjects: 1.672200 ms)

========================================================================
Received Import Request.
  Time since last request: 178.353706 seconds.
  path: Assets/Scripts/PlayerCollect.cs
  artifactKey: Guid(921a6f5e680f4a74a9b2447d120e7c5b) Importer(815301076,1909f56bfc062723c751e8b465ee728b)
Start importing Assets/Scripts/PlayerCollect.cs using Guid(921a6f5e680f4a74a9b2447d120e7c5b) Importer(815301076,1909f56bfc062723c751e8b465ee728b)  -> (artifact id: 'ed3cea5f662890f6c72f19c82455cc47') in 0.017201 seconds
  Import took 0.020756 seconds .

========================================================================
Received Prepare
Registering precompiled user dll's ...
Registered in 0.001704 seconds.
Begin MonoManager ReloadAssembly
Native extension for WindowsStandalone target not found
Native extension for WebGL target not found
Refreshing native plugins compatible for Editor in 0.36 ms, found 0 plugins.
Preloading 0 native plugins for Editor in 0.00 ms.
Invoked RoslynAnalysisRunner static constructor.
RoslynAnalysisRunner will not be running.
RoslynAnalysisRunner has terminated.
Mono: successfully reloaded assembly
- Completed reload, in  0.668 seconds
Platform modules already initialized, skipping
Shader 'Universal Render Pipeline/Particles/Lit': fallback shader 'Universal Render Pipeline/Particles/SimpleLit' not found
Shader 'Universal Render Pipeline/Particles/Lit': fallback shader 'Universal Render Pipeline/Particles/SimpleLit' not found
Refreshing native plugins compatible for Editor in 0.36 ms, found 0 plugins.
Preloading 0 native plugins for Editor in 0.00 ms.
Unloading 2352 Unused Serialized files (Serialized files now loaded: 0)
System memory in use before: 110.6 MB.
System memory in use after: 107.9 MB.

Unloading 40 unused Assets to reduce memory usage. Loaded Objects now: 2872.
Total: 4.636000 ms (FindLiveObjects: 0.259400 ms CreateObjectMapping: 0.088000 ms MarkObjects: 2.935900 ms  DeleteObjects: 1.351600 ms)

========================================================================
Received Prepare
Registering precompiled user dll's ...
Registered in 0.001436 seconds.
Begin MonoManager ReloadAssembly
Native extension for WindowsStandalone target not found
Native extension for WebGL target not found
Refreshing native plugins compatible for Editor in 0.39 ms, found 0 plugins.
Preloading 0 native plugins for Editor in 0.00 ms.
Invoked RoslynAnalysisRunner static constructor.
RoslynAnalysisRunner will not be running.
RoslynAnalysisRunner has terminated.
Mono: successfully reloaded assembly
- Completed reload, in  0.814 seconds
Platform modules already initialized, skipping
Shader 'Universal Render Pipeline/Particles/Lit': fallback shader 'Universal Render Pipeline/Particles/SimpleLit' not found
Shader 'Universal Render Pipeline/Particles/Lit': fallback shader 'Universal Render Pipeline/Particles/SimpleLit' not found
Refreshing native plugins compatible for Editor in 0.37 ms, found 0 plugins.
Preloading 0 native plugins for Editor in 0.00 ms.
Unloading 2352 Unused Serialized files (Serialized files now loaded: 0)
System memory in use before: 110.6 MB.
System memory in use after: 107.9 MB.

Unloading 40 unused Assets to reduce memory usage. Loaded Objects now: 2875.
Total: 3.311900 ms (FindLiveObjects: 0.235200 ms CreateObjectMapping: 0.097500 ms MarkObjects: 1.620900 ms  DeleteObjects: 1.357400 ms)

========================================================================
Received Prepare
Registering precompiled user dll's ...
Registered in 0.001185 seconds.
Begin MonoManager ReloadAssembly
Native extension for WindowsStandalone target not found
Native extension for WebGL target not found
Refreshing native plugins compatible for Editor in 0.57 ms, found 0 plugins.
Preloading 0 native plugins for Editor in 0.00 ms.
Invoked RoslynAnalysisRunner static constructor.
RoslynAnalysisRunner will not be running.
RoslynAnalysisRunner has terminated.
Mono: successfully reloaded assembly
- Completed reload, in  0.710 seconds
Platform modules already initialized, skipping
Shader 'Universal Render Pipeline/Particles/Lit': fallback shader 'Universal Render Pipeline/Particles/SimpleLit' not found
Shader 'Universal Render Pipeline/Particles/Lit': fallback shader 'Universal Render Pipeline/Particles/SimpleLit' not found
Refreshing native plugins compatible for Editor in 0.36 ms, found 0 plugins.
Preloading 0 native plugins for Editor in 0.00 ms.
Unloading 2352 Unused Serialized files (Serialized files now loaded: 0)
System memory in use before: 110.6 MB.
System memory in use after: 107.9 MB.

Unloading 40 unused Assets to reduce memory usage. Loaded Objects now: 2878.
Total: 3.478600 ms (FindLiveObjects: 0.235700 ms CreateObjectMapping: 0.085300 ms MarkObjects: 1.815400 ms  DeleteObjects: 1.341200 ms)

========================================================================
Received Prepare
Registering precompiled user dll's ...
Registered in 0.001254 seconds.
Begin MonoManager ReloadAssembly
Native extension for WindowsStandalone target not found
Native extension for WebGL target not found
Refreshing native plugins compatible for Editor in 0.36 ms, found 0 plugins.
Preloading 0 native plugins for Editor in 0.00 ms.
Invoked RoslynAnalysisRunner static constructor.
RoslynAnalysisRunner will not be running.
RoslynAnalysisRunner has terminated.
Mono: successfully reloaded assembly
- Completed reload, in  0.708 seconds
Platform modules already initialized, skipping
Shader 'Universal Render Pipeline/Particles/Lit': fallback shader 'Universal Render Pipeline/Particles/SimpleLit' not found
Shader 'Universal Render Pipeline/Particles/Lit': fallback shader 'Universal Render Pipeline/Particles/SimpleLit' not found
Refreshing native plugins compatible for Editor in 0.37 ms, found 0 plugins.
Preloading 0 native plugins for Editor in 0.00 ms.
Unloading 2352 Unused Serialized files (Serialized files now loaded: 0)
System memory in use before: 110.6 MB.
System memory in use after: 107.8 MB.

Unloading 40 unused Assets to reduce memory usage. Loaded Objects now: 2881.
Total: 4.275800 ms (FindLiveObjects: 0.312900 ms CreateObjectMapping: 0.181000 ms MarkObjects: 1.854800 ms  DeleteObjects: 1.925500 ms)

========================================================================
Received Prepare
Registering precompiled user dll's ...
Registered in 0.001373 seconds.
Begin MonoManager ReloadAssembly
Native extension for WindowsStandalone target not found
Native extension for WebGL target not found
Refreshing native plugins compatible for Editor in 0.37 ms, found 0 plugins.
Preloading 0 native plugins for Editor in 0.00 ms.
Invoked RoslynAnalysisRunner static constructor.
RoslynAnalysisRunner will not be running.
RoslynAnalysisRunner has terminated.
Mono: successfully reloaded assembly
- Completed reload, in  0.751 seconds
Platform modules already initialized, skipping
Shader 'Universal Render Pipeline/Particles/Lit': fallback shader 'Universal Render Pipeline/Particles/SimpleLit' not found
Shader 'Universal Render Pipeline/Particles/Lit': fallback shader 'Universal Render Pipeline/Particles/SimpleLit' not found
Refreshing native plugins compatible for Editor in 0.35 ms, found 0 plugins.
Preloading 0 native plugins for Editor in 0.00 ms.
Unloading 2352 Unused Serialized files (Serialized files now loaded: 0)
System memory in use before: 110.7 MB.
System memory in use after: 107.9 MB.

Unloading 40 unused Assets to reduce memory usage. Loaded Objects now: 2884.
Total: 3.443300 ms (FindLiveObjects: 0.234700 ms CreateObjectMapping: 0.095600 ms MarkObjects: 1.733400 ms  DeleteObjects: 1.378600 ms)

========================================================================
Received Prepare
Registering precompiled user dll's ...
Registered in 0.001255 seconds.
Begin MonoManager ReloadAssembly
Native extension for WindowsStandalone target not found
Native extension for WebGL target not found
Refreshing native plugins compatible for Editor in 0.35 ms, found 0 plugins.
Preloading 0 native plugins for Editor in 0.00 ms.
Invoked RoslynAnalysisRunner static constructor.
RoslynAnalysisRunner will not be running.
RoslynAnalysisRunner has terminated.
Mono: successfully reloaded assembly
- Completed reload, in  0.701 seconds
Platform modules already initialized, skipping
Shader 'Universal Render Pipeline/Particles/Lit': fallback shader 'Universal Render Pipeline/Particles/SimpleLit' not found
Shader 'Universal Render Pipeline/Particles/Lit': fallback shader 'Universal Render Pipeline/Particles/SimpleLit' not found
Refreshing native plugins compatible for Editor in 0.45 ms, found 0 plugins.
Preloading 0 native plugins for Editor in 0.00 ms.
Unloading 2352 Unused Serialized files (Serialized files now loaded: 0)
System memory in use before: 110.7 MB.
System memory in use after: 107.9 MB.

Unloading 40 unused Assets to reduce memory usage. Loaded Objects now: 2887.
Total: 3.956100 ms (FindLiveObjects: 0.254400 ms CreateObjectMapping: 0.129900 ms MarkObjects: 2.075200 ms  DeleteObjects: 1.494800 ms)

AssetImportWorkerClient::OnTransportError - code=2 error=End of file
